[0.947s] Invoking command in '/home/rura/yolo_ws/src/yolo_detection': PYTHONPATH=/home/rura/yolo_ws/build/yolo_detection/prefix_override:/usr/lib/python3/dist-packages/colcon_core/task/python/colcon_distutils_commands:/home/rura/yolo_ws/install/yolo_detection/lib/python3.10/site-packages:${PYTHONPATH} /usr/bin/python3 -W ignore:setup.py install is deprecated -W ignore:easy_install command is deprecated setup.py egg_info --egg-base ../../build/yolo_detection build --build-base /home/rura/yolo_ws/build/yolo_detection/build install --record /home/rura/yolo_ws/build/yolo_detection/install.log --single-version-externally-managed install_data
[1.295s] running egg_info
[1.296s] creating ../../build/yolo_detection/yolo_detection.egg-info
[1.298s] writing ../../build/yolo_detection/yolo_detection.egg-info/PKG-INFO
[1.300s] writing dependency_links to ../../build/yolo_detection/yolo_detection.egg-info/dependency_links.txt
[1.301s] writing entry points to ../../build/yolo_detection/yolo_detection.egg-info/entry_points.txt
[1.301s] writing requirements to ../../build/yolo_detection/yolo_detection.egg-info/requires.txt
[1.301s] writing top-level names to ../../build/yolo_detection/yolo_detection.egg-info/top_level.txt
[1.301s] writing manifest file '../../build/yolo_detection/yolo_detection.egg-info/SOURCES.txt'
[1.303s] package init file 'yolo_detection/__init__.py' not found (or not a regular file)
[1.303s] reading manifest file '../../build/yolo_detection/yolo_detection.egg-info/SOURCES.txt'
[1.304s] writing manifest file '../../build/yolo_detection/yolo_detection.egg-info/SOURCES.txt'
[1.304s] running build
[1.305s] running build_py
[1.305s] creating /home/rura/yolo_ws/build/yolo_detection/build
[1.305s] creating /home/rura/yolo_ws/build/yolo_detection/build/lib
[1.306s] creating /home/rura/yolo_ws/build/yolo_detection/build/lib/yolo_detection
[1.307s] copying yolo_detection/yolo_node.py -> /home/rura/yolo_ws/build/yolo_detection/build/lib/yolo_detection
[1.307s] running install
[1.307s] running install_lib
[1.308s] creating /home/rura/yolo_ws/install/yolo_detection/lib/python3.10/site-packages/yolo_detection
[1.309s] copying /home/rura/yolo_ws/build/yolo_detection/build/lib/yolo_detection/yolo_node.py -> /home/rura/yolo_ws/install/yolo_detection/lib/python3.10/site-packages/yolo_detection
[1.309s] byte-compiling /home/rura/yolo_ws/install/yolo_detection/lib/python3.10/site-packages/yolo_detection/yolo_node.py to yolo_node.cpython-310.pyc
[1.311s] running install_data
[1.312s] creating /home/rura/yolo_ws/install/yolo_detection/share/ament_index
[1.312s] creating /home/rura/yolo_ws/install/yolo_detection/share/ament_index/resource_index
[1.313s] creating /home/rura/yolo_ws/install/yolo_detection/share/ament_index/resource_index/packages
[1.313s] copying resource/yolo_detection -> /home/rura/yolo_ws/install/yolo_detection/share/ament_index/resource_index/packages
[1.313s] copying package.xml -> /home/rura/yolo_ws/install/yolo_detection/share/yolo_detection
[1.313s] running install_egg_info
[1.315s] Copying ../../build/yolo_detection/yolo_detection.egg-info to /home/rura/yolo_ws/install/yolo_detection/lib/python3.10/site-packages/yolo_detection-0.0.0-py3.10.egg-info
[1.317s] running install_scripts
[1.348s] Installing yolo_node script to /home/rura/yolo_ws/install/yolo_detection/lib/yolo_detection
[1.349s] writing list of installed files to '/home/rura/yolo_ws/build/yolo_detection/install.log'
[1.392s] Invoked command in '/home/rura/yolo_ws/src/yolo_detection' returned '0': PYTHONPATH=/home/rura/yolo_ws/build/yolo_detection/prefix_override:/usr/lib/python3/dist-packages/colcon_core/task/python/colcon_distutils_commands:/home/rura/yolo_ws/install/yolo_detection/lib/python3.10/site-packages:${PYTHONPATH} /usr/bin/python3 -W ignore:setup.py install is deprecated -W ignore:easy_install command is deprecated setup.py egg_info --egg-base ../../build/yolo_detection build --build-base /home/rura/yolo_ws/build/yolo_detection/build install --record /home/rura/yolo_ws/build/yolo_detection/install.log --single-version-externally-managed install_data
