[0.410s] DEBUG:colcon:Command line arguments: ['/usr/bin/colcon', 'build']
[0.410s] DEBUG:colcon:Parsed command line arguments: Namespace(log_base=None, log_level=None, verb_name='build', build_base='build', install_base='install', merge_install=False, symlink_install=False, test_result_base=None, continue_on_error=False, executor='parallel', parallel_workers=22, event_handlers=None, ignore_user_meta=False, metas=['./colcon.meta'], base_paths=['.'], packages_ignore=None, packages_ignore_regex=None, paths=None, packages_up_to=None, packages_up_to_regex=None, packages_above=None, packages_above_and_dependencies=None, packages_above_depth=None, packages_select_by_dep=None, packages_skip_by_dep=None, packages_skip_up_to=None, packages_select_build_failed=False, packages_skip_build_finished=False, packages_select_test_failures=False, packages_skip_test_passed=False, packages_select=None, packages_skip=None, packages_select_regex=None, packages_skip_regex=None, packages_start=None, packages_end=None, allow_overriding=[], cmake_args=None, cmake_target=None, cmake_target_skip_unavailable=False, cmake_clean_cache=False, cmake_clean_first=False, cmake_force_configure=False, ament_cmake_args=None, catkin_cmake_args=None, catkin_skip_building_tests=False, verb_parser=<colcon_defaults.argument_parser.defaults.DefaultArgumentsDecorator object at 0x7f4dbf33cbe0>, verb_extension=<colcon_core.verb.build.BuildVerb object at 0x7f4dbf33c5e0>, main=<bound method BuildVerb.main of <colcon_core.verb.build.BuildVerb object at 0x7f4dbf33c5e0>>)
[0.631s] Level 1:colcon.colcon_core.package_discovery:discover_packages(colcon_meta) check parameters
[0.632s] Level 1:colcon.colcon_core.package_discovery:discover_packages(recursive) check parameters
[0.632s] Level 1:colcon.colcon_core.package_discovery:discover_packages(ignore) check parameters
[0.632s] Level 1:colcon.colcon_core.package_discovery:discover_packages(path) check parameters
[0.632s] Level 1:colcon.colcon_core.package_discovery:discover_packages(colcon_meta) discover
[0.632s] Level 1:colcon.colcon_core.package_discovery:discover_packages(recursive) discover
[0.632s] INFO:colcon.colcon_core.package_discovery:Crawling recursively for packages in '/home/rura/yolo_ws'
[0.632s] Level 1:colcon.colcon_core.package_identification:_identify(.) by extensions ['ignore', 'ignore_ament_install']
[0.632s] Level 1:colcon.colcon_core.package_identification:_identify(.) by extension 'ignore'
[0.632s] Level 1:colcon.colcon_core.package_identification:_identify(.) by extension 'ignore_ament_install'
[0.633s] Level 1:colcon.colcon_core.package_identification:_identify(.) by extensions ['colcon_pkg']
[0.633s] Level 1:colcon.colcon_core.package_identification:_identify(.) by extension 'colcon_pkg'
[0.633s] Level 1:colcon.colcon_core.package_identification:_identify(.) by extensions ['colcon_meta']
[0.633s] Level 1:colcon.colcon_core.package_identification:_identify(.) by extension 'colcon_meta'
[0.633s] Level 1:colcon.colcon_core.package_identification:_identify(.) by extensions ['ros']
[0.633s] Level 1:colcon.colcon_core.package_identification:_identify(.) by extension 'ros'
[0.650s] Level 1:colcon.colcon_core.package_identification:_identify(.) by extensions ['cmake', 'python']
[0.650s] Level 1:colcon.colcon_core.package_identification:_identify(.) by extension 'cmake'
[0.650s] Level 1:colcon.colcon_core.package_identification:_identify(.) by extension 'python'
[0.650s] Level 1:colcon.colcon_core.package_identification:_identify(.) by extensions ['python_setup_py']
[0.650s] Level 1:colcon.colcon_core.package_identification:_identify(.) by extension 'python_setup_py'
[0.650s] Level 1:colcon.colcon_core.package_identification:_identify(build) by extensions ['ignore', 'ignore_ament_install']
[0.651s] Level 1:colcon.colcon_core.package_identification:_identify(build) by extension 'ignore'
[0.651s] Level 1:colcon.colcon_core.package_identification:_identify(build) ignored
[0.651s] Level 1:colcon.colcon_core.package_identification:_identify(install) by extensions ['ignore', 'ignore_ament_install']
[0.651s] Level 1:colcon.colcon_core.package_identification:_identify(install) by extension 'ignore'
[0.651s] Level 1:colcon.colcon_core.package_identification:_identify(install) ignored
[0.652s] Level 1:colcon.colcon_core.package_identification:_identify(log) by extensions ['ignore', 'ignore_ament_install']
[0.652s] Level 1:colcon.colcon_core.package_identification:_identify(log) by extension 'ignore'
[0.652s] Level 1:colcon.colcon_core.package_identification:_identify(log) ignored
[0.652s] Level 1:colcon.colcon_core.package_identification:_identify(output_images) by extensions ['ignore', 'ignore_ament_install']
[0.652s] Level 1:colcon.colcon_core.package_identification:_identify(output_images) by extension 'ignore'
[0.652s] Level 1:colcon.colcon_core.package_identification:_identify(output_images) by extension 'ignore_ament_install'
[0.652s] Level 1:colcon.colcon_core.package_identification:_identify(output_images) by extensions ['colcon_pkg']
[0.652s] Level 1:colcon.colcon_core.package_identification:_identify(output_images) by extension 'colcon_pkg'
[0.652s] Level 1:colcon.colcon_core.package_identification:_identify(output_images) by extensions ['colcon_meta']
[0.652s] Level 1:colcon.colcon_core.package_identification:_identify(output_images) by extension 'colcon_meta'
[0.652s] Level 1:colcon.colcon_core.package_identification:_identify(output_images) by extensions ['ros']
[0.653s] Level 1:colcon.colcon_core.package_identification:_identify(output_images) by extension 'ros'
[0.653s] Level 1:colcon.colcon_core.package_identification:_identify(output_images) by extensions ['cmake', 'python']
[0.653s] Level 1:colcon.colcon_core.package_identification:_identify(output_images) by extension 'cmake'
[0.653s] Level 1:colcon.colcon_core.package_identification:_identify(output_images) by extension 'python'
[0.653s] Level 1:colcon.colcon_core.package_identification:_identify(output_images) by extensions ['python_setup_py']
[0.653s] Level 1:colcon.colcon_core.package_identification:_identify(output_images) by extension 'python_setup_py'
[0.653s] Level 1:colcon.colcon_core.package_identification:_identify(src) by extensions ['ignore', 'ignore_ament_install']
[0.653s] Level 1:colcon.colcon_core.package_identification:_identify(src) by extension 'ignore'
[0.653s] Level 1:colcon.colcon_core.package_identification:_identify(src) by extension 'ignore_ament_install'
[0.653s] Level 1:colcon.colcon_core.package_identification:_identify(src) by extensions ['colcon_pkg']
[0.653s] Level 1:colcon.colcon_core.package_identification:_identify(src) by extension 'colcon_pkg'
[0.653s] Level 1:colcon.colcon_core.package_identification:_identify(src) by extensions ['colcon_meta']
[0.653s] Level 1:colcon.colcon_core.package_identification:_identify(src) by extension 'colcon_meta'
[0.653s] Level 1:colcon.colcon_core.package_identification:_identify(src) by extensions ['ros']
[0.653s] Level 1:colcon.colcon_core.package_identification:_identify(src) by extension 'ros'
[0.654s] Level 1:colcon.colcon_core.package_identification:_identify(src) by extensions ['cmake', 'python']
[0.654s] Level 1:colcon.colcon_core.package_identification:_identify(src) by extension 'cmake'
[0.654s] Level 1:colcon.colcon_core.package_identification:_identify(src) by extension 'python'
[0.654s] Level 1:colcon.colcon_core.package_identification:_identify(src) by extensions ['python_setup_py']
[0.654s] Level 1:colcon.colcon_core.package_identification:_identify(src) by extension 'python_setup_py'
[0.654s] Level 1:colcon.colcon_core.package_identification:_identify(src/yolo_detection) by extensions ['ignore', 'ignore_ament_install']
[0.654s] Level 1:colcon.colcon_core.package_identification:_identify(src/yolo_detection) by extension 'ignore'
[0.654s] Level 1:colcon.colcon_core.package_identification:_identify(src/yolo_detection) by extension 'ignore_ament_install'
[0.654s] Level 1:colcon.colcon_core.package_identification:_identify(src/yolo_detection) by extensions ['colcon_pkg']
[0.654s] Level 1:colcon.colcon_core.package_identification:_identify(src/yolo_detection) by extension 'colcon_pkg'
[0.654s] Level 1:colcon.colcon_core.package_identification:_identify(src/yolo_detection) by extensions ['colcon_meta']
[0.654s] Level 1:colcon.colcon_core.package_identification:_identify(src/yolo_detection) by extension 'colcon_meta'
[0.654s] Level 1:colcon.colcon_core.package_identification:_identify(src/yolo_detection) by extensions ['ros']
[0.654s] Level 1:colcon.colcon_core.package_identification:_identify(src/yolo_detection) by extension 'ros'
[0.659s] DEBUG:colcon.colcon_core.package_identification:Package 'src/yolo_detection' with type 'ros.ament_python' and name 'yolo_detection'
[0.660s] Level 1:colcon.colcon_core.package_discovery:discover_packages(recursive) using defaults
[0.660s] Level 1:colcon.colcon_core.package_discovery:discover_packages(ignore) discover
[0.660s] Level 1:colcon.colcon_core.package_discovery:discover_packages(ignore) using defaults
[0.660s] Level 1:colcon.colcon_core.package_discovery:discover_packages(path) discover
[0.660s] Level 1:colcon.colcon_core.package_discovery:discover_packages(path) using defaults
[0.695s] Level 1:colcon.colcon_core.package_discovery:discover_packages(prefix_path) check parameters
[0.695s] Level 1:colcon.colcon_core.package_discovery:discover_packages(prefix_path) discover
[0.698s] DEBUG:colcon.colcon_installed_package_information.package_discovery:Found 1 installed packages in /home/rura/yolo_ws/install
[0.699s] DEBUG:colcon.colcon_installed_package_information.package_discovery:Found 272 installed packages in /opt/ros/humble
[0.720s] Level 1:colcon.colcon_core.package_discovery:discover_packages(prefix_path) using defaults
[0.773s] Level 5:colcon.colcon_core.verb:set package 'yolo_detection' build argument 'cmake_args' from command line to 'None'
[0.773s] Level 5:colcon.colcon_core.verb:set package 'yolo_detection' build argument 'cmake_target' from command line to 'None'
[0.773s] Level 5:colcon.colcon_core.verb:set package 'yolo_detection' build argument 'cmake_target_skip_unavailable' from command line to 'False'
[0.773s] Level 5:colcon.colcon_core.verb:set package 'yolo_detection' build argument 'cmake_clean_cache' from command line to 'False'
[0.773s] Level 5:colcon.colcon_core.verb:set package 'yolo_detection' build argument 'cmake_clean_first' from command line to 'False'
[0.773s] Level 5:colcon.colcon_core.verb:set package 'yolo_detection' build argument 'cmake_force_configure' from command line to 'False'
[0.773s] Level 5:colcon.colcon_core.verb:set package 'yolo_detection' build argument 'ament_cmake_args' from command line to 'None'
[0.773s] Level 5:colcon.colcon_core.verb:set package 'yolo_detection' build argument 'catkin_cmake_args' from command line to 'None'
[0.773s] Level 5:colcon.colcon_core.verb:set package 'yolo_detection' build argument 'catkin_skip_building_tests' from command line to 'False'
[0.774s] DEBUG:colcon.colcon_core.verb:Building package 'yolo_detection' with the following arguments: {'ament_cmake_args': None, 'build_base': '/home/rura/yolo_ws/build/yolo_detection', 'catkin_cmake_args': None, 'catkin_skip_building_tests': False, 'cmake_args': None, 'cmake_clean_cache': False, 'cmake_clean_first': False, 'cmake_force_configure': False, 'cmake_target': None, 'cmake_target_skip_unavailable': False, 'install_base': '/home/rura/yolo_ws/install/yolo_detection', 'merge_install': False, 'path': '/home/rura/yolo_ws/src/yolo_detection', 'symlink_install': False, 'test_result_base': None}
[0.774s] INFO:colcon.colcon_core.executor:Executing jobs using 'parallel' executor
[0.776s] DEBUG:colcon.colcon_parallel_executor.executor.parallel:run_until_complete
[0.777s] INFO:colcon.colcon_ros.task.ament_python.build:Building ROS package in '/home/rura/yolo_ws/src/yolo_detection' with build type 'ament_python'
[0.777s] Level 1:colcon.colcon_core.shell:create_environment_hook('yolo_detection', 'ament_prefix_path')
[0.781s] INFO:colcon.colcon_core.plugin_system:Skipping extension 'colcon_core.shell.bat': Not used on non-Windows systems
[0.781s] INFO:colcon.colcon_core.shell:Creating environment hook '/home/rura/yolo_ws/install/yolo_detection/share/yolo_detection/hook/ament_prefix_path.ps1'
[0.786s] INFO:colcon.colcon_core.shell:Creating environment descriptor '/home/rura/yolo_ws/install/yolo_detection/share/yolo_detection/hook/ament_prefix_path.dsv'
[0.787s] INFO:colcon.colcon_core.shell:Creating environment hook '/home/rura/yolo_ws/install/yolo_detection/share/yolo_detection/hook/ament_prefix_path.sh'
[0.788s] INFO:colcon.colcon_core.shell:Skip shell extension 'powershell' for command environment: Not usable outside of PowerShell
[0.788s] DEBUG:colcon.colcon_core.shell:Skip shell extension 'dsv' for command environment
[1.218s] INFO:colcon.colcon_core.task.python.build:Building Python package in '/home/rura/yolo_ws/src/yolo_detection'
[1.218s] INFO:colcon.colcon_core.shell:Skip shell extension 'powershell' for command environment: Not usable outside of PowerShell
[1.219s] DEBUG:colcon.colcon_core.shell:Skip shell extension 'dsv' for command environment
[1.828s] DEBUG:colcon.colcon_core.event_handler.log_command:Invoking command in '/home/rura/yolo_ws/src/yolo_detection': PYTHONPATH=/home/rura/yolo_ws/build/yolo_detection/prefix_override:/usr/lib/python3/dist-packages/colcon_core/task/python/colcon_distutils_commands:/home/rura/yolo_ws/install/yolo_detection/lib/python3.10/site-packages:${PYTHONPATH} /usr/bin/python3 -W ignore:setup.py install is deprecated -W ignore:easy_install command is deprecated setup.py egg_info --egg-base ../../build/yolo_detection build --build-base /home/rura/yolo_ws/build/yolo_detection/build install --record /home/rura/yolo_ws/build/yolo_detection/install.log --single-version-externally-managed install_data
[2.250s] DEBUG:colcon.colcon_core.event_handler.log_command:Invoked command in '/home/rura/yolo_ws/src/yolo_detection' returned '0': PYTHONPATH=/home/rura/yolo_ws/build/yolo_detection/prefix_override:/usr/lib/python3/dist-packages/colcon_core/task/python/colcon_distutils_commands:/home/rura/yolo_ws/install/yolo_detection/lib/python3.10/site-packages:${PYTHONPATH} /usr/bin/python3 -W ignore:setup.py install is deprecated -W ignore:easy_install command is deprecated setup.py egg_info --egg-base ../../build/yolo_detection build --build-base /home/rura/yolo_ws/build/yolo_detection/build install --record /home/rura/yolo_ws/build/yolo_detection/install.log --single-version-externally-managed install_data
[2.254s] Level 1:colcon.colcon_core.environment:checking '/home/rura/yolo_ws/install/yolo_detection' for CMake module files
[2.254s] Level 1:colcon.colcon_core.environment:checking '/home/rura/yolo_ws/install/yolo_detection' for CMake config files
[2.256s] Level 1:colcon.colcon_core.environment:checking '/home/rura/yolo_ws/install/yolo_detection/lib'
[2.256s] Level 1:colcon.colcon_core.environment:checking '/home/rura/yolo_ws/install/yolo_detection/bin'
[2.256s] Level 1:colcon.colcon_core.environment:checking '/home/rura/yolo_ws/install/yolo_detection/lib/pkgconfig/yolo_detection.pc'
[2.256s] Level 1:colcon.colcon_core.environment:checking '/home/rura/yolo_ws/install/yolo_detection/lib/python3.10/site-packages'
[2.257s] Level 1:colcon.colcon_core.shell:create_environment_hook('yolo_detection', 'pythonpath')
[2.258s] INFO:colcon.colcon_core.shell:Creating environment hook '/home/rura/yolo_ws/install/yolo_detection/share/yolo_detection/hook/pythonpath.ps1'
[2.260s] INFO:colcon.colcon_core.shell:Creating environment descriptor '/home/rura/yolo_ws/install/yolo_detection/share/yolo_detection/hook/pythonpath.dsv'
[2.261s] INFO:colcon.colcon_core.shell:Creating environment hook '/home/rura/yolo_ws/install/yolo_detection/share/yolo_detection/hook/pythonpath.sh'
[2.263s] Level 1:colcon.colcon_core.environment:checking '/home/rura/yolo_ws/install/yolo_detection/bin'
[2.264s] Level 1:colcon.colcon_core.environment:create_environment_scripts_only(yolo_detection)
[2.264s] INFO:colcon.colcon_core.shell:Creating package script '/home/rura/yolo_ws/install/yolo_detection/share/yolo_detection/package.ps1'
[2.266s] INFO:colcon.colcon_core.shell:Creating package descriptor '/home/rura/yolo_ws/install/yolo_detection/share/yolo_detection/package.dsv'
[2.267s] INFO:colcon.colcon_core.shell:Creating package script '/home/rura/yolo_ws/install/yolo_detection/share/yolo_detection/package.sh'
[2.268s] INFO:colcon.colcon_core.shell:Creating package script '/home/rura/yolo_ws/install/yolo_detection/share/yolo_detection/package.bash'
[2.269s] INFO:colcon.colcon_core.shell:Creating package script '/home/rura/yolo_ws/install/yolo_detection/share/yolo_detection/package.zsh'
[2.271s] Level 1:colcon.colcon_core.environment:create_file_with_runtime_dependencies(/home/rura/yolo_ws/install/yolo_detection/share/colcon-core/packages/yolo_detection)
[2.272s] DEBUG:colcon.colcon_parallel_executor.executor.parallel:closing loop
[2.273s] DEBUG:colcon.colcon_parallel_executor.executor.parallel:loop closed
[2.273s] DEBUG:colcon.colcon_parallel_executor.executor.parallel:run_until_complete finished with '0'
[2.274s] DEBUG:colcon.colcon_core.event_reactor:joining thread
[2.381s] INFO:colcon.colcon_core.plugin_system:Skipping extension 'colcon_notification.desktop_notification.notify_send': Could not find 'notify-send'
[2.382s] INFO:colcon.colcon_core.plugin_system:Skipping extension 'colcon_notification.desktop_notification.terminal_notifier': Not used on non-Darwin systems
[2.382s] INFO:colcon.colcon_core.plugin_system:Skipping extension 'colcon_notification.desktop_notification.win32': Not used on non-Windows systems
[2.382s] INFO:colcon.colcon_notification.desktop_notification:Sending desktop notification using 'notify2'
[2.392s] DEBUG:colcon.colcon_notification.desktop_notification.notify2:Failed to initialize notify2: org.freedesktop.DBus.Error.ServiceUnknown: The name org.freedesktop.Notifications was not provided by any .service files
[2.393s] DEBUG:colcon.colcon_core.event_reactor:joined thread
[2.395s] INFO:colcon.colcon_core.shell:Creating prefix script '/home/rura/yolo_ws/install/local_setup.ps1'
[2.397s] INFO:colcon.colcon_core.shell:Creating prefix util module '/home/rura/yolo_ws/install/_local_setup_util_ps1.py'
[2.400s] INFO:colcon.colcon_core.shell:Creating prefix chain script '/home/rura/yolo_ws/install/setup.ps1'
[2.402s] INFO:colcon.colcon_core.shell:Creating prefix script '/home/rura/yolo_ws/install/local_setup.sh'
[2.405s] INFO:colcon.colcon_core.shell:Creating prefix util module '/home/rura/yolo_ws/install/_local_setup_util_sh.py'
[2.409s] INFO:colcon.colcon_core.shell:Creating prefix chain script '/home/rura/yolo_ws/install/setup.sh'
[2.413s] INFO:colcon.colcon_core.shell:Creating prefix script '/home/rura/yolo_ws/install/local_setup.bash'
[2.414s] INFO:colcon.colcon_core.shell:Creating prefix chain script '/home/rura/yolo_ws/install/setup.bash'
[2.416s] INFO:colcon.colcon_core.shell:Creating prefix script '/home/rura/yolo_ws/install/local_setup.zsh'
[2.417s] INFO:colcon.colcon_core.shell:Creating prefix chain script '/home/rura/yolo_ws/install/setup.zsh'
