[1.050s] Invoking command in '/home/rura/yolo_ws/src/yolo_detection': PYTHONPATH=/home/rura/yolo_ws/build/yolo_detection/prefix_override:/usr/lib/python3/dist-packages/colcon_core/task/python/colcon_distutils_commands:/home/rura/yolo_ws/install/yolo_detection/lib/python3.10/site-packages:${PYTHONPATH} /usr/bin/python3 -W ignore:setup.py install is deprecated -W ignore:easy_install command is deprecated setup.py egg_info --egg-base ../../build/yolo_detection build --build-base /home/rura/yolo_ws/build/yolo_detection/build install --record /home/rura/yolo_ws/build/yolo_detection/install.log --single-version-externally-managed install_data
[1.379s] running egg_info
[1.379s] writing ../../build/yolo_detection/yolo_detection.egg-info/PKG-INFO
[1.380s] writing dependency_links to ../../build/yolo_detection/yolo_detection.egg-info/dependency_links.txt
[1.380s] writing entry points to ../../build/yolo_detection/yolo_detection.egg-info/entry_points.txt
[1.381s] writing requirements to ../../build/yolo_detection/yolo_detection.egg-info/requires.txt
[1.381s] writing top-level names to ../../build/yolo_detection/yolo_detection.egg-info/top_level.txt
[1.383s] reading manifest file '../../build/yolo_detection/yolo_detection.egg-info/SOURCES.txt'
[1.384s] writing manifest file '../../build/yolo_detection/yolo_detection.egg-info/SOURCES.txt'
[1.384s] running build
[1.384s] running build_py
[1.385s] copying yolo_detection/yolo_node_dtrllm.py -> /home/rura/yolo_ws/build/yolo_detection/build/lib/yolo_detection
[1.385s] copying yolo_detection/yolo_node_og.py -> /home/rura/yolo_ws/build/yolo_detection/build/lib/yolo_detection
[1.387s] running install
[1.388s] running install_lib
[1.389s] copying /home/rura/yolo_ws/build/yolo_detection/build/lib/yolo_detection/yolo_node_dtrllm.py -> /home/rura/yolo_ws/install/yolo_detection/lib/python3.10/site-packages/yolo_detection
[1.389s] copying /home/rura/yolo_ws/build/yolo_detection/build/lib/yolo_detection/yolo_node_og.py -> /home/rura/yolo_ws/install/yolo_detection/lib/python3.10/site-packages/yolo_detection
[1.390s] byte-compiling /home/rura/yolo_ws/install/yolo_detection/lib/python3.10/site-packages/yolo_detection/yolo_node_og.py to yolo_node_og.cpython-310.pyc
[1.391s] running install_data
[1.391s] running install_egg_info
[1.394s] removing '/home/rura/yolo_ws/install/yolo_detection/lib/python3.10/site-packages/yolo_detection-0.0.0-py3.10.egg-info' (and everything under it)
[1.396s] Copying ../../build/yolo_detection/yolo_detection.egg-info to /home/rura/yolo_ws/install/yolo_detection/lib/python3.10/site-packages/yolo_detection-0.0.0-py3.10.egg-info
[1.396s] running install_scripts
[1.427s] Installing image_publisher_node script to /home/rura/yolo_ws/install/yolo_detection/lib/yolo_detection
[1.427s] Installing yolo_node script to /home/rura/yolo_ws/install/yolo_detection/lib/yolo_detection
[1.427s] writing list of installed files to '/home/rura/yolo_ws/build/yolo_detection/install.log'
[1.473s] Invoked command in '/home/rura/yolo_ws/src/yolo_detection' returned '0': PYTHONPATH=/home/rura/yolo_ws/build/yolo_detection/prefix_override:/usr/lib/python3/dist-packages/colcon_core/task/python/colcon_distutils_commands:/home/rura/yolo_ws/install/yolo_detection/lib/python3.10/site-packages:${PYTHONPATH} /usr/bin/python3 -W ignore:setup.py install is deprecated -W ignore:easy_install command is deprecated setup.py egg_info --egg-base ../../build/yolo_detection build --build-base /home/rura/yolo_ws/build/yolo_detection/build install --record /home/rura/yolo_ws/build/yolo_detection/install.log --single-version-externally-managed install_data
