[0.504s] Invoking command in '/home/rura/yolo_ws/src/yolo_detection': PYTHONPATH=/home/rura/yolo_ws/build/yolo_detection/prefix_override:/usr/lib/python3/dist-packages/colcon_core/task/python/colcon_distutils_commands:/home/rura/yolo_ws/install/yolo_detection/lib/python3.10/site-packages:${PYTHONPATH} /usr/bin/python3 -W ignore:setup.py install is deprecated -W ignore:easy_install command is deprecated setup.py egg_info --egg-base ../../build/yolo_detection build --build-base /home/rura/yolo_ws/build/yolo_detection/build install --record /home/rura/yolo_ws/build/yolo_detection/install.log --single-version-externally-managed install_data
[0.659s] running egg_info
[0.659s] writing ../../build/yolo_detection/yolo_detection.egg-info/PKG-INFO
[0.661s] writing dependency_links to ../../build/yolo_detection/yolo_detection.egg-info/dependency_links.txt
[0.661s] writing entry points to ../../build/yolo_detection/yolo_detection.egg-info/entry_points.txt
[0.661s] writing requirements to ../../build/yolo_detection/yolo_detection.egg-info/requires.txt
[0.661s] writing top-level names to ../../build/yolo_detection/yolo_detection.egg-info/top_level.txt
[0.663s] reading manifest file '../../build/yolo_detection/yolo_detection.egg-info/SOURCES.txt'
[0.665s] writing manifest file '../../build/yolo_detection/yolo_detection.egg-info/SOURCES.txt'
[0.665s] running build
[0.665s] running build_py
[0.665s] copying yolo_detection/image_publisher_node.py -> /home/rura/yolo_ws/build/yolo_detection/build/lib/yolo_detection
[0.667s] copying yolo_detection/yolo_node_og.py -> /home/rura/yolo_ws/build/yolo_detection/build/lib/yolo_detection
[0.668s] running install
[0.669s] running install_lib
[0.669s] copying /home/rura/yolo_ws/build/yolo_detection/build/lib/yolo_detection/image_publisher_node.py -> /home/rura/yolo_ws/install/yolo_detection/lib/python3.10/site-packages/yolo_detection
[0.670s] copying /home/rura/yolo_ws/build/yolo_detection/build/lib/yolo_detection/yolo_node_og.py -> /home/rura/yolo_ws/install/yolo_detection/lib/python3.10/site-packages/yolo_detection
[0.670s] byte-compiling /home/rura/yolo_ws/install/yolo_detection/lib/python3.10/site-packages/yolo_detection/image_publisher_node.py to image_publisher_node.cpython-310.pyc
[0.672s] byte-compiling /home/rura/yolo_ws/install/yolo_detection/lib/python3.10/site-packages/yolo_detection/yolo_node_og.py to yolo_node_og.cpython-310.pyc
[0.673s] running install_data
[0.673s] running install_egg_info
[0.674s] removing '/home/rura/yolo_ws/install/yolo_detection/lib/python3.10/site-packages/yolo_detection-0.0.0-py3.10.egg-info' (and everything under it)
[0.674s] Copying ../../build/yolo_detection/yolo_detection.egg-info to /home/rura/yolo_ws/install/yolo_detection/lib/python3.10/site-packages/yolo_detection-0.0.0-py3.10.egg-info
[0.675s] running install_scripts
[0.689s] Installing image_publisher_node script to /home/rura/yolo_ws/install/yolo_detection/lib/yolo_detection
[0.691s] Installing yolo_node script to /home/rura/yolo_ws/install/yolo_detection/lib/yolo_detection
[0.692s] writing list of installed files to '/home/rura/yolo_ws/build/yolo_detection/install.log'
[0.713s] Invoked command in '/home/rura/yolo_ws/src/yolo_detection' returned '0': PYTHONPATH=/home/rura/yolo_ws/build/yolo_detection/prefix_override:/usr/lib/python3/dist-packages/colcon_core/task/python/colcon_distutils_commands:/home/rura/yolo_ws/install/yolo_detection/lib/python3.10/site-packages:${PYTHONPATH} /usr/bin/python3 -W ignore:setup.py install is deprecated -W ignore:easy_install command is deprecated setup.py egg_info --egg-base ../../build/yolo_detection build --build-base /home/rura/yolo_ws/build/yolo_detection/build install --record /home/rura/yolo_ws/build/yolo_detection/install.log --single-version-externally-managed install_data
