/home/rura/yolo_ws/install/yolo_detection/lib/python3.10/site-packages/yolo_detection/swift_detect.py
/home/rura/yolo_ws/install/yolo_detection/lib/python3.10/site-packages/yolo_detection/orb_node.py
/home/rura/yolo_ws/install/yolo_detection/lib/python3.10/site-packages/yolo_detection/image_publisher_node.py
/home/rura/yolo_ws/install/yolo_detection/lib/python3.10/site-packages/yolo_detection/yolo_node_dtrllm.py
/home/rura/yolo_ws/install/yolo_detection/lib/python3.10/site-packages/yolo_detection/swift.py
/home/rura/yolo_ws/install/yolo_detection/lib/python3.10/site-packages/yolo_detection/__init__.py
/home/rura/yolo_ws/install/yolo_detection/lib/python3.10/site-packages/yolo_detection/yolo_node_og.py
/home/rura/yolo_ws/install/yolo_detection/lib/python3.10/site-packages/yolo_detection/__pycache__/swift_detect.cpython-310.pyc
/home/rura/yolo_ws/install/yolo_detection/lib/python3.10/site-packages/yolo_detection/__pycache__/orb_node.cpython-310.pyc
/home/rura/yolo_ws/install/yolo_detection/lib/python3.10/site-packages/yolo_detection/__pycache__/image_publisher_node.cpython-310.pyc
/home/rura/yolo_ws/install/yolo_detection/lib/python3.10/site-packages/yolo_detection/__pycache__/yolo_node_dtrllm.cpython-310.pyc
/home/rura/yolo_ws/install/yolo_detection/lib/python3.10/site-packages/yolo_detection/__pycache__/swift.cpython-310.pyc
/home/rura/yolo_ws/install/yolo_detection/lib/python3.10/site-packages/yolo_detection/__pycache__/__init__.cpython-310.pyc
/home/rura/yolo_ws/install/yolo_detection/lib/python3.10/site-packages/yolo_detection/__pycache__/yolo_node_og.cpython-310.pyc
/home/rura/yolo_ws/install/yolo_detection/share/ament_index/resource_index/packages/yolo_detection
/home/rura/yolo_ws/install/yolo_detection/share/yolo_detection/package.xml
/home/rura/yolo_ws/install/yolo_detection/lib/python3.10/site-packages/yolo_detection-0.0.0-py3.10.egg-info/zip-safe
/home/rura/yolo_ws/install/yolo_detection/lib/python3.10/site-packages/yolo_detection-0.0.0-py3.10.egg-info/entry_points.txt
/home/rura/yolo_ws/install/yolo_detection/lib/python3.10/site-packages/yolo_detection-0.0.0-py3.10.egg-info/SOURCES.txt
/home/rura/yolo_ws/install/yolo_detection/lib/python3.10/site-packages/yolo_detection-0.0.0-py3.10.egg-info/requires.txt
/home/rura/yolo_ws/install/yolo_detection/lib/python3.10/site-packages/yolo_detection-0.0.0-py3.10.egg-info/top_level.txt
/home/rura/yolo_ws/install/yolo_detection/lib/python3.10/site-packages/yolo_detection-0.0.0-py3.10.egg-info/PKG-INFO
/home/rura/yolo_ws/install/yolo_detection/lib/python3.10/site-packages/yolo_detection-0.0.0-py3.10.egg-info/dependency_links.txt
/home/rura/yolo_ws/install/yolo_detection/lib/yolo_detection/image_publisher_node
/home/rura/yolo_ws/install/yolo_detection/lib/yolo_detection/yolo_node
