[0.496s] Invoking command in '/home/rura/yolo_ws/src/yolo_detection': PYTHONPATH=/home/rura/yolo_ws/build/yolo_detection/prefix_override:/usr/lib/python3/dist-packages/colcon_core/task/python/colcon_distutils_commands:/home/rura/yolo_ws/install/yolo_detection/lib/python3.10/site-packages:${PYTHONPATH} /usr/bin/python3 -W ignore:setup.py install is deprecated -W ignore:easy_install command is deprecated setup.py egg_info --egg-base ../../build/yolo_detection build --build-base /home/rura/yolo_ws/build/yolo_detection/build install --record /home/rura/yolo_ws/build/yolo_detection/install.log --single-version-externally-managed install_data
[0.645s] running egg_info
[0.646s] writing ../../build/yolo_detection/yolo_detection.egg-info/PKG-INFO
[0.648s] writing dependency_links to ../../build/yolo_detection/yolo_detection.egg-info/dependency_links.txt
[0.648s] writing entry points to ../../build/yolo_detection/yolo_detection.egg-info/entry_points.txt
[0.648s] writing requirements to ../../build/yolo_detection/yolo_detection.egg-info/requires.txt
[0.648s] writing top-level names to ../../build/yolo_detection/yolo_detection.egg-info/top_level.txt
[0.649s] reading manifest file '../../build/yolo_detection/yolo_detection.egg-info/SOURCES.txt'
[0.651s] writing manifest file '../../build/yolo_detection/yolo_detection.egg-info/SOURCES.txt'
[0.651s] running build
[0.651s] running build_py
[0.651s] copying yolo_detection/swift_detect.py -> /home/rura/yolo_ws/build/yolo_detection/build/lib/yolo_detection
[0.652s] running install
[0.652s] running install_lib
[0.653s] copying /home/rura/yolo_ws/build/yolo_detection/build/lib/yolo_detection/swift_detect.py -> /home/rura/yolo_ws/install/yolo_detection/lib/python3.10/site-packages/yolo_detection
[0.654s] byte-compiling /home/rura/yolo_ws/install/yolo_detection/lib/python3.10/site-packages/yolo_detection/swift_detect.py to swift_detect.cpython-310.pyc
[0.656s] running install_data
[0.656s] running install_egg_info
[0.657s] removing '/home/rura/yolo_ws/install/yolo_detection/lib/python3.10/site-packages/yolo_detection-0.0.0-py3.10.egg-info' (and everything under it)
[0.658s] Copying ../../build/yolo_detection/yolo_detection.egg-info to /home/rura/yolo_ws/install/yolo_detection/lib/python3.10/site-packages/yolo_detection-0.0.0-py3.10.egg-info
[0.660s] running install_scripts
[0.675s] Installing image_publisher_node script to /home/rura/yolo_ws/install/yolo_detection/lib/yolo_detection
[0.676s] Installing yolo_node script to /home/rura/yolo_ws/install/yolo_detection/lib/yolo_detection
[0.677s] writing list of installed files to '/home/rura/yolo_ws/build/yolo_detection/install.log'
[0.694s] Invoked command in '/home/rura/yolo_ws/src/yolo_detection' returned '0': PYTHONPATH=/home/rura/yolo_ws/build/yolo_detection/prefix_override:/usr/lib/python3/dist-packages/colcon_core/task/python/colcon_distutils_commands:/home/rura/yolo_ws/install/yolo_detection/lib/python3.10/site-packages:${PYTHONPATH} /usr/bin/python3 -W ignore:setup.py install is deprecated -W ignore:easy_install command is deprecated setup.py egg_info --egg-base ../../build/yolo_detection build --build-base /home/rura/yolo_ws/build/yolo_detection/build install --record /home/rura/yolo_ws/build/yolo_detection/install.log --single-version-externally-managed install_data
