[0.897s] Invoking command in '/home/rura/yolo_ws/src/yolo_detection': PYTHONPATH=/home/rura/yolo_ws/build/yolo_detection/prefix_override:/usr/lib/python3/dist-packages/colcon_core/task/python/colcon_distutils_commands:/home/rura/yolo_ws/install/yolo_detection/lib/python3.10/site-packages:${PYTHONPATH} /usr/bin/python3 -W ignore:setup.py install is deprecated -W ignore:easy_install command is deprecated setup.py egg_info --egg-base ../../build/yolo_detection build --build-base /home/rura/yolo_ws/build/yolo_detection/build install --record /home/rura/yolo_ws/build/yolo_detection/install.log --single-version-externally-managed install_data
[1.233s] running egg_info
[1.235s] writing ../../build/yolo_detection/yolo_detection.egg-info/PKG-INFO
[1.236s] writing dependency_links to ../../build/yolo_detection/yolo_detection.egg-info/dependency_links.txt
[1.240s] writing entry points to ../../build/yolo_detection/yolo_detection.egg-info/entry_points.txt
[1.241s] writing requirements to ../../build/yolo_detection/yolo_detection.egg-info/requires.txt
[1.241s] writing top-level names to ../../build/yolo_detection/yolo_detection.egg-info/top_level.txt
[1.241s] reading manifest file '../../build/yolo_detection/yolo_detection.egg-info/SOURCES.txt'
[1.242s] writing manifest file '../../build/yolo_detection/yolo_detection.egg-info/SOURCES.txt'
[1.242s] running build
[1.242s] running build_py
[1.242s] copying yolo_detection/image_publisher_node.py -> /home/rura/yolo_ws/build/yolo_detection/build/lib/yolo_detection
[1.243s] copying yolo_detection/yolo_node_og.py -> /home/rura/yolo_ws/build/yolo_detection/build/lib/yolo_detection
[1.243s] running install
[1.243s] running install_lib
[1.243s] copying /home/rura/yolo_ws/build/yolo_detection/build/lib/yolo_detection/image_publisher_node.py -> /home/rura/yolo_ws/install/yolo_detection/lib/python3.10/site-packages/yolo_detection
[1.244s] copying /home/rura/yolo_ws/build/yolo_detection/build/lib/yolo_detection/yolo_node_og.py -> /home/rura/yolo_ws/install/yolo_detection/lib/python3.10/site-packages/yolo_detection
[1.244s] byte-compiling /home/rura/yolo_ws/install/yolo_detection/lib/python3.10/site-packages/yolo_detection/image_publisher_node.py to image_publisher_node.cpython-310.pyc
[1.246s] byte-compiling /home/rura/yolo_ws/install/yolo_detection/lib/python3.10/site-packages/yolo_detection/yolo_node_og.py to yolo_node_og.cpython-310.pyc
[1.247s] running install_data
[1.247s] running install_egg_info
[1.250s] removing '/home/rura/yolo_ws/install/yolo_detection/lib/python3.10/site-packages/yolo_detection-0.0.0-py3.10.egg-info' (and everything under it)
[1.250s] Copying ../../build/yolo_detection/yolo_detection.egg-info to /home/rura/yolo_ws/install/yolo_detection/lib/python3.10/site-packages/yolo_detection-0.0.0-py3.10.egg-info
[1.251s] running install_scripts
[1.282s] Installing image_publisher_node script to /home/rura/yolo_ws/install/yolo_detection/lib/yolo_detection
[1.284s] Installing yolo_node script to /home/rura/yolo_ws/install/yolo_detection/lib/yolo_detection
[1.284s] writing list of installed files to '/home/rura/yolo_ws/build/yolo_detection/install.log'
[1.320s] Invoked command in '/home/rura/yolo_ws/src/yolo_detection' returned '0': PYTHONPATH=/home/rura/yolo_ws/build/yolo_detection/prefix_override:/usr/lib/python3/dist-packages/colcon_core/task/python/colcon_distutils_commands:/home/rura/yolo_ws/install/yolo_detection/lib/python3.10/site-packages:${PYTHONPATH} /usr/bin/python3 -W ignore:setup.py install is deprecated -W ignore:easy_install command is deprecated setup.py egg_info --egg-base ../../build/yolo_detection build --build-base /home/rura/yolo_ws/build/yolo_detection/build install --record /home/rura/yolo_ws/build/yolo_detection/install.log --single-version-externally-managed install_data
