[0.977s] Invoking command in '/home/rura/yolo_ws/src/yolo_detection': PYTHONPATH=/home/rura/yolo_ws/build/yolo_detection/prefix_override:/usr/lib/python3/dist-packages/colcon_core/task/python/colcon_distutils_commands:/home/rura/yolo_ws/install/yolo_detection/lib/python3.10/site-packages:${PYTHONPATH} /usr/bin/python3 -W ignore:setup.py install is deprecated -W ignore:easy_install command is deprecated setup.py egg_info --egg-base ../../build/yolo_detection build --build-base /home/rura/yolo_ws/build/yolo_detection/build install --record /home/rura/yolo_ws/build/yolo_detection/install.log --single-version-externally-managed install_data
[1.342s] running egg_info
[1.344s] writing ../../build/yolo_detection/yolo_detection.egg-info/PKG-INFO
[1.345s] writing dependency_links to ../../build/yolo_detection/yolo_detection.egg-info/dependency_links.txt
[1.345s] writing entry points to ../../build/yolo_detection/yolo_detection.egg-info/entry_points.txt
[1.346s] writing requirements to ../../build/yolo_detection/yolo_detection.egg-info/requires.txt
[1.346s] writing top-level names to ../../build/yolo_detection/yolo_detection.egg-info/top_level.txt
[1.347s] reading manifest file '../../build/yolo_detection/yolo_detection.egg-info/SOURCES.txt'
[1.348s] writing manifest file '../../build/yolo_detection/yolo_detection.egg-info/SOURCES.txt'
[1.349s] running build
[1.349s] running build_py
[1.349s] copying yolo_detection/yolo_node_dtrllm.py -> /home/rura/yolo_ws/build/yolo_detection/build/lib/yolo_detection
[1.349s] copying yolo_detection/yolo_node.py -> /home/rura/yolo_ws/build/yolo_detection/build/lib/yolo_detection
[1.349s] running install
[1.350s] running install_lib
[1.351s] copying /home/rura/yolo_ws/build/yolo_detection/build/lib/yolo_detection/yolo_node_dtrllm.py -> /home/rura/yolo_ws/install/yolo_detection/lib/python3.10/site-packages/yolo_detection
[1.351s] copying /home/rura/yolo_ws/build/yolo_detection/build/lib/yolo_detection/yolo_node.py -> /home/rura/yolo_ws/install/yolo_detection/lib/python3.10/site-packages/yolo_detection
[1.352s] byte-compiling /home/rura/yolo_ws/install/yolo_detection/lib/python3.10/site-packages/yolo_detection/yolo_node_dtrllm.py to yolo_node_dtrllm.cpython-310.pyc
[1.354s] byte-compiling /home/rura/yolo_ws/install/yolo_detection/lib/python3.10/site-packages/yolo_detection/yolo_node.py to yolo_node.cpython-310.pyc
[1.356s] running install_data
[1.357s] running install_egg_info
[1.359s] removing '/home/rura/yolo_ws/install/yolo_detection/lib/python3.10/site-packages/yolo_detection-0.0.0-py3.10.egg-info' (and everything under it)
[1.359s] Copying ../../build/yolo_detection/yolo_detection.egg-info to /home/rura/yolo_ws/install/yolo_detection/lib/python3.10/site-packages/yolo_detection-0.0.0-py3.10.egg-info
[1.361s] running install_scripts
[1.409s] Installing image_publisher_node script to /home/rura/yolo_ws/install/yolo_detection/lib/yolo_detection
[1.410s] Installing yolo_node script to /home/rura/yolo_ws/install/yolo_detection/lib/yolo_detection
[1.411s] writing list of installed files to '/home/rura/yolo_ws/build/yolo_detection/install.log'
[1.471s] Invoked command in '/home/rura/yolo_ws/src/yolo_detection' returned '0': PYTHONPATH=/home/rura/yolo_ws/build/yolo_detection/prefix_override:/usr/lib/python3/dist-packages/colcon_core/task/python/colcon_distutils_commands:/home/rura/yolo_ws/install/yolo_detection/lib/python3.10/site-packages:${PYTHONPATH} /usr/bin/python3 -W ignore:setup.py install is deprecated -W ignore:easy_install command is deprecated setup.py egg_info --egg-base ../../build/yolo_detection build --build-base /home/rura/yolo_ws/build/yolo_detection/build install --record /home/rura/yolo_ws/build/yolo_detection/install.log --single-version-externally-managed install_data
